<?xml version="1.0" encoding="UTF-8"?>
<testng-results ignored="0" total="1" passed="1" failed="0" skipped="0">
  <reporter-output>
  </reporter-output>
  <suite started-at="2023-05-12T16:24:01 IST" name="Suite" finished-at="2023-05-12T16:24:20 IST" duration-ms="19043">
    <groups>
      <group name="cucumber">
        <method signature="AbstractTestNGCucumberTests.runScenario(io.cucumber.testng.PickleWrapper,io.cucumber.testng.FeatureWrapper)[pri:0, instance:com.cucumber.testrunner.TestNGRunnerTest@7bd7d6d6]" name="runScenario" class="io.cucumber.testng.AbstractTestNGCucumberTests"/>
      </group> <!-- cucumber -->
    </groups>
    <test started-at="2023-05-12T16:24:01 IST" name="Test" finished-at="2023-05-12T16:24:20 IST" duration-ms="19043">
      <class name="com.cucumber.testrunner.TestNGRunnerTest">
        <test-method is-config="true" signature="setUpClass(org.testng.ITestContext)[pri:0, instance:com.cucumber.testrunner.TestNGRunnerTest@7bd7d6d6]" started-at="2023-05-12T16:24:01 IST" name="setUpClass" finished-at="2023-05-12T16:24:03 IST" duration-ms="1205" status="PASS">
          <params>
            <param index="0">
              <value>
                <![CDATA[org.testng.TestRunner@35f22eef]]>
              </value>
            </param>
          </params>
          <reporter-output>
          </reporter-output>
        </test-method> <!-- setUpClass -->
        <test-method signature="runScenario(io.cucumber.testng.PickleWrapper,io.cucumber.testng.FeatureWrapper)[pri:0, instance:com.cucumber.testrunner.TestNGRunnerTest@7bd7d6d6]" started-at="2023-05-12T16:24:03 IST" name="runScenario" description="Runs Cucumber Scenarios" data-provider="scenarios" finished-at="2023-05-12T16:24:16 IST" duration-ms="13842" status="PASS">
          <params>
            <param index="0">
              <value>
                <![CDATA["Scenarios one"]]>
              </value>
            </param>
            <param index="1">
              <value>
                <![CDATA["Demo TC"]]>
              </value>
            </param>
          </params>
          <reporter-output>
          </reporter-output>
        </test-method> <!-- runScenario -->
        <test-method is-config="true" signature="tearDownClass()[pri:0, instance:com.cucumber.testrunner.TestNGRunnerTest@7bd7d6d6]" started-at="2023-05-12T16:24:16 IST" name="tearDownClass" finished-at="2023-05-12T16:24:20 IST" duration-ms="3937" status="PASS">
          <reporter-output>
          </reporter-output>
        </test-method> <!-- tearDownClass -->
      </class> <!-- com.cucumber.testrunner.TestNGRunnerTest -->
    </test> <!-- Test -->
  </suite> <!-- Suite -->
</testng-results>
